<?xml version="1.0" encoding="UTF-8"?>
<coverage generated="1775030523163" clover="3.2.0">
  <project timestamp="1775030523164" name="All files">
    <metrics statements="2" coveredstatements="2" conditionals="6" coveredconditionals="4" methods="0" coveredmethods="0" elements="8" coveredelements="6" complexity="0" loc="2" ncloc="2" packages="1" files="1" classes="1"/>
    <file name="logger.ts" path="/home/scronson/cheetah/src/lib/logger.ts">
      <metrics statements="2" coveredstatements="2" conditionals="6" coveredconditionals="4" methods="0" coveredmethods="0"/>
      <line num="3" count="1" type="stmt"/>
      <line num="5" count="1" type="stmt"/>
    </file>
  </project>
</coverage>
