{"/home/scronson/cheetah/src/lib/logger.ts": {"path":"/home/scronson/cheetah/src/lib/logger.ts","statementMap":{"0":{"start":{"line":3,"column":6},"end":{"line":3,"column":null}},"1":{"start":{"line":5,"column":13},"end":{"line":19,"column":2}}},"fnMap":{},"branchMap":{"0":{"loc":{"start":{"line":6,"column":9},"end":{"line":6,"column":null}},"type":"binary-expr","locations":[{"start":{"line":6,"column":9},"end":{"line":6,"column":35}},{"start":{"line":6,"column":35},"end":{"line":6,"column":null}}],"line":6},"1":{"loc":{"start":{"line":6,"column":35},"end":{"line":6,"column":null}},"type":"cond-expr","locations":[{"start":{"line":6,"column":51},"end":{"line":6,"column":61}},{"start":{"line":6,"column":61},"end":{"line":6,"column":null}}],"line":6},"2":{"loc":{"start":{"line":11,"column":13},"end":{"line":18,"column":null}},"type":"cond-expr","locations":[{"start":{"line":12,"column":6},"end":{"line":17,"column":null}},{"start":{"line":18,"column":6},"end":{"line":18,"column":null}}],"line":11}},"s":{"0":1,"1":1},"f":{},"b":{"0":[1,1],"1":[0,1],"2":[0,1]},"meta":{"lastBranch":3,"lastFunction":0,"lastStatement":2,"seen":{"s:3:6:3:Infinity":0,"s:5:13:19:2":1,"b:6:9:6:35:6:35:6:Infinity":0,"b:6:51:6:61:6:61:6:Infinity":1,"b:12:6:17:Infinity:18:6:18:Infinity":2}}}
}
